0	rr_####296####
1	rr_####297####
2	rr_####298####
3	rr_####299####
4	rr_####300####
5	rr_####301####
6	rr_####302####
7	rr_####303####
8	rr_####304####
9	rr_####305####
10	rr_####306####
11	rr_####307####
12	rr_####308####
13	rr_####309####
14	rr_####310####
15	rr_####311####
16	rr_####312####
17	rr_####313####
18	rr_####314####
19	rr_####315####
20	rr_####316####
21	rr_####317####
22	rr_####318####
23	rr_####319####
24	rr_####320####
25	rr_####321####
26	rr_####322####
27	rr_####323####
28	rr_####324####
29	rr_####325####
30	rr_####326####
31	rr_####327####
32	rr_####328####
33	rr_####329####
34	rr_####330####
35	rr_####331####
36	rr_####332####
37	rr_####333####
38	rr_####334####
39	rr_####335####
40	rr_####336####
41	rr_####337####
42	rr_####338####
43	rr_####339####
44	rr_####340####
45	rr_####341####
46	rr_####342####
47	rr_####343####
48	rr_####344####
49	rr_####345####
50	A00709:261:HT7NNDSX2:3:1610:6054:1110/1
51	A00709:261:HT7NNDSX2:3:1610:24641:1830/1
52	A00709:261:HT7NNDSX2:3:1609:5348:36464/1
53	A00709:261:HT7NNDSX2:3:1610:12038:3302/1
54	A00709:261:HT7NNDSX2:3:1610:16803:1313/1
55	A00709:261:HT7NNDSX2:3:1610:27254:2315/1
56	A00709:261:HT7NNDSX2:3:1610:21893:2895/1
57	A00709:261:HT7NNDSX2:3:1609:13711:34788/1
58	A00709:261:HT7NNDSX2:3:1609:16893:36072/1
59	A00709:261:HT7NNDSX2:3:1609:2148:36057/1
60	A00709:261:HT7NNDSX2:3:1609:11975:36041/1
61	A00709:261:HT7NNDSX2:3:1609:21612:35759/1
62	A00709:261:HT7NNDSX2:3:1609:23032:36777/1
63	A00709:261:HT7NNDSX2:3:1609:17381:35383/1
64	A00709:261:HT7NNDSX2:3:1609:26295:34006/1
65	A00709:261:HT7NNDSX2:3:1609:25500:21825/1
66	A00709:261:HT7NNDSX2:3:1610:21106:6825/1
67	A00709:261:HT7NNDSX2:3:1610:9570:9361/1
68	A00709:261:HT7NNDSX2:3:1610:24822:10160/1
69	A00709:261:HT7NNDSX2:3:1610:13259:10614/1
70	A00709:261:HT7NNDSX2:3:1610:8178:11146/1
71	A00709:261:HT7NNDSX2:3:1610:26594:11381/1
72	A00709:261:HT7NNDSX2:3:1610:14570:11506/1
73	A00709:261:HT7NNDSX2:3:1610:30626:11851/1
74	A00709:261:HT7NNDSX2:3:1610:13268:12007/1
75	A00709:261:HT7NNDSX2:3:1610:26648:12508/1
76	A00709:261:HT7NNDSX2:3:1610:2998:12821/1
77	A00709:261:HT7NNDSX2:3:1610:14253:12837/1
78	A00709:261:HT7NNDSX2:3:1610:14516:12915/1
79	A00709:261:HT7NNDSX2:3:1610:11550:14074/1
80	A00709:261:HT7NNDSX2:3:1610:19642:13620/1
81	A00709:261:HT7NNDSX2:3:1609:30816:26584/1
82	A00709:261:HT7NNDSX2:3:1609:12816:20932/1
83	A00709:261:HT7NNDSX2:3:1609:22535:20572/1
84	A00709:261:HT7NNDSX2:3:1609:23330:20603/1
85	A00709:261:HT7NNDSX2:3:1609:17472:21793/1
86	A00709:261:HT7NNDSX2:3:1609:30825:21966/1
87	A00709:261:HT7NNDSX2:3:1610:12418:27383/1
88	A00709:261:HT7NNDSX2:3:1609:30825:22748/1
89	A00709:261:HT7NNDSX2:3:1609:28709:23375/1
90	A00709:261:HT7NNDSX2:3:1609:17689:22608/1
91	A00709:261:HT7NNDSX2:3:1609:24062:23876/1
92	A00709:261:HT7NNDSX2:3:1609:20338:24126/1
93	A00709:261:HT7NNDSX2:3:1609:11659:24001/1
94	A00709:261:HT7NNDSX2:3:1609:26657:24612/1
95	A00709:261:HT7NNDSX2:3:1609:19379:24878/1
96	A00709:261:HT7NNDSX2:3:1609:6705:26788/1
97	A00709:261:HT7NNDSX2:3:1609:26377:34021/1
98	A00709:261:HT7NNDSX2:3:1609:6307:26882/1
99	A00709:261:HT7NNDSX2:3:1609:6171:27586/1
100	A00709:261:HT7NNDSX2:3:1609:1298:27853/1
101	A00709:261:HT7NNDSX2:3:1609:11279:27821/1
102	A00709:261:HT7NNDSX2:3:1609:22788:28588/1
103	A00709:261:HT7NNDSX2:3:1609:29071:28855/1
104	A00709:261:HT7NNDSX2:3:1609:14470:31375/1
105	A00709:261:HT7NNDSX2:3:1609:28456:31078/1
106	A00709:261:HT7NNDSX2:3:1609:3577:31610/1
107	A00709:261:HT7NNDSX2:3:1609:16369:32628/1
108	A00709:261:HT7NNDSX2:3:1609:15465:32753/1
109	A00709:261:HT7NNDSX2:3:1609:14931:34272/1
110	A00709:261:HT7NNDSX2:3:1609:22372:33661/1
111	A00709:261:HT7NNDSX2:3:1609:30174:33708/1
112	A00709:261:HT7NNDSX2:3:1611:27516:1548/1
113	A00709:261:HT7NNDSX2:3:1610:4444:28886/1
114	A00709:261:HT7NNDSX2:3:1610:32687:29262/1
115	A00709:261:HT7NNDSX2:3:1610:8793:29121/1
116	A00709:261:HT7NNDSX2:3:1610:19940:30013/1
117	A00709:261:HT7NNDSX2:3:1610:19732:31187/1
118	A00709:261:HT7NNDSX2:3:1610:18656:30639/1
119	A00709:261:HT7NNDSX2:3:1610:10050:31422/1
120	A00709:261:HT7NNDSX2:3:1610:12924:32362/1
121	A00709:261:HT7NNDSX2:3:1610:7392:31829/1
122	A00709:261:HT7NNDSX2:3:1610:8467:32095/1
123	A00709:261:HT7NNDSX2:3:1610:11171:32268/1
124	A00709:261:HT7NNDSX2:3:1610:25816:32268/1
125	A00709:261:HT7NNDSX2:3:1610:5954:34538/1
126	A00709:261:HT7NNDSX2:3:1610:7753:35900/1
127	A00709:261:HT7NNDSX2:3:1611:23167:1251/1
128	A00709:261:HT7NNDSX2:3:1610:11605:28855/1
129	A00709:261:HT7NNDSX2:3:1611:28745:1705/1
130	A00709:261:HT7NNDSX2:3:1611:3857:3223/1
131	A00709:261:HT7NNDSX2:3:1611:27010:4429/1
132	A00709:261:HT7NNDSX2:3:1611:14109:6449/1
133	A00709:261:HT7NNDSX2:3:1611:7808:7059/1
134	A00709:261:HT7NNDSX2:3:1611:30219:6981/1
135	A00709:261:HT7NNDSX2:3:1611:27326:7106/1
136	A00709:261:HT7NNDSX2:3:1611:25093:7654/1
137	A00709:261:HT7NNDSX2:3:1611:14045:7717/1
138	A00709:261:HT7NNDSX2:3:1611:15130:6840/1
139	A00709:261:HT7NNDSX2:3:1611:27859:7811/1
140	A00709:261:HT7NNDSX2:3:1611:3803:7607/1
141	A00709:261:HT7NNDSX2:3:1611:2926:8375/1
142	A00709:261:HT7NNDSX2:3:1611:30337:10410/1
143	A00709:261:HT7NNDSX2:3:1610:10113:22106/1
144	A00709:261:HT7NNDSX2:3:1610:8585:13980/1
145	A00709:261:HT7NNDSX2:3:1610:4426:14888/1
146	A00709:261:HT7NNDSX2:3:1610:22399:15577/1
147	A00709:261:HT7NNDSX2:3:1610:16269:16924/1
148	A00709:261:HT7NNDSX2:3:1610:14733:16955/1
149	A00709:261:HT7NNDSX2:3:1610:1678:17394/1
150	A00709:261:HT7NNDSX2:3:1610:13711:18850/1
151	A00709:261:HT7NNDSX2:3:1610:20654:19758/1
152	A00709:261:HT7NNDSX2:3:1610:2573:18975/1
153	A00709:261:HT7NNDSX2:3:1610:29215:19304/1
154	A00709:261:HT7NNDSX2:3:1610:6316:20666/1
155	A00709:261:HT7NNDSX2:3:1610:14778:21731/1
156	A00709:261:HT7NNDSX2:3:1610:14642:21746/1
157	A00709:261:HT7NNDSX2:3:1610:9932:21073/1
158	A00709:261:HT7NNDSX2:3:1610:20491:14747/1
159	A00709:261:HT7NNDSX2:3:1610:22390:22294/1
160	A00709:261:HT7NNDSX2:3:1610:22625:23923/1
161	A00709:261:HT7NNDSX2:3:1610:2745:24565/1
162	A00709:261:HT7NNDSX2:3:1610:4779:25739/1
163	A00709:261:HT7NNDSX2:3:1610:3387:25300/1
164	A00709:261:HT7NNDSX2:3:1610:16414:25567/1
165	A00709:261:HT7NNDSX2:3:1610:3206:25770/1
166	A00709:261:HT7NNDSX2:3:1610:4119:26099/1
167	A00709:261:HT7NNDSX2:3:1610:30183:27305/1
168	A00709:261:HT7NNDSX2:3:1609:19280:20823/1
169	A00709:261:HT7NNDSX2:3:1610:3568:27085/1
170	A00709:261:HT7NNDSX2:3:1610:26693:27242/1
171	A00709:261:HT7NNDSX2:3:1610:17743:27586/1
172	A00709:261:HT7NNDSX2:3:1610:10646:29074/1
173	A00709:261:HT7NNDSX2:3:1607:14479:36933/1
174	A00709:261:HT7NNDSX2:3:1608:8015:7952/1
175	A00709:261:HT7NNDSX2:3:1608:16152:6762/1
176	A00709:261:HT7NNDSX2:3:1608:13304:7592/1
177	A00709:261:HT7NNDSX2:3:1608:17219:6136/1
178	A00709:261:HT7NNDSX2:3:1608:32018:4961/1
179	A00709:261:HT7NNDSX2:3:1608:23954:5306/1
180	A00709:261:HT7NNDSX2:3:1608:21007:4022/1
181	A00709:261:HT7NNDSX2:3:1608:3251:4523/1
182	A00709:261:HT7NNDSX2:3:1608:20853:4633/1
183	A00709:261:HT7NNDSX2:3:1608:5132:3364/1
184	A00709:261:HT7NNDSX2:3:1608:18457:7686/1
185	A00709:261:HT7NNDSX2:3:1607:27218:36542/1
186	A00709:261:HT7NNDSX2:3:1607:26992:34835/1
187	A00709:261:HT7NNDSX2:3:1607:5647:34538/1
188	A00709:261:HT7NNDSX2:3:1607:7681:34460/1
189	A00709:261:HT7NNDSX2:3:1607:18837:34303/1
190	A00709:261:HT7NNDSX2:3:1607:9914:34757/1
191	A00709:261:HT7NNDSX2:3:1607:18457:33113/1
192	A00709:261:HT7NNDSX2:3:1607:4915:33364/1
193	A00709:261:HT7NNDSX2:3:1607:7247:33927/1
194	A00709:261:HT7NNDSX2:3:1607:2763:32174/1
195	A00709:261:HT7NNDSX2:3:1608:14633:13369/1
196	A00709:261:HT7NNDSX2:3:1608:9570:18474/1
197	A00709:261:HT7NNDSX2:3:1608:22968:18944/1
198	A00709:261:HT7NNDSX2:3:1608:30626:18020/1
199	A00709:261:HT7NNDSX2:3:1608:16604:17065/1
200	A00709:261:HT7NNDSX2:3:1608:26503:16611/1
201	A00709:261:HT7NNDSX2:3:1608:28076:16485/1
202	A00709:261:HT7NNDSX2:3:1608:6470:14982/1
203	A00709:261:HT7NNDSX2:3:1608:25355:13463/1
204	A00709:261:HT7NNDSX2:3:1608:4345:13589/1
205	A00709:261:HT7NNDSX2:3:1608:30454:13244/1
206	A00709:261:HT7NNDSX2:3:1607:29188:32127/1
207	A00709:261:HT7NNDSX2:3:1608:25346:13354/1
208	A00709:261:HT7NNDSX2:3:1608:6659:13182/1
209	A00709:261:HT7NNDSX2:3:1608:4092:12931/1
210	A00709:261:HT7NNDSX2:3:1608:19397:12759/1
211	A00709:261:HT7NNDSX2:3:1608:9372:12618/1
212	A00709:261:HT7NNDSX2:3:1608:31150:11068/1
213	A00709:261:HT7NNDSX2:3:1608:2049:11021/1
214	A00709:261:HT7NNDSX2:3:1608:1660:9439/1
215	A00709:261:HT7NNDSX2:3:1608:19235:8375/1
216	A00709:261:HT7NNDSX2:3:1608:5638:8500/1
217	A00709:261:HT7NNDSX2:3:1607:23411:15640/1
218	A00709:261:HT7NNDSX2:3:1607:20943:19507/1
219	A00709:261:HT7NNDSX2:3:1607:1877:18897/1
220	A00709:261:HT7NNDSX2:3:1607:22498:18787/1
221	A00709:261:HT7NNDSX2:3:1607:4128:19539/1
222	A00709:261:HT7NNDSX2:3:1607:24442:19398/1
223	A00709:261:HT7NNDSX2:3:1607:25916:18599/1
224	A00709:261:HT7NNDSX2:3:1607:10140:18803/1
225	A00709:261:HT7NNDSX2:3:1607:31051:16658/1
226	A00709:261:HT7NNDSX2:3:1607:5385:17769/1
227	A00709:261:HT7NNDSX2:3:1607:28610:17754/1
228	A00709:261:HT7NNDSX2:3:1607:12147:20838/1
229	A00709:261:HT7NNDSX2:3:1607:2230:15718/1
230	A00709:261:HT7NNDSX2:3:1607:32660:16094/1
231	A00709:261:HT7NNDSX2:3:1607:4978:16031/1
232	A00709:261:HT7NNDSX2:3:1607:32479:15906/1
233	A00709:261:HT7NNDSX2:3:1607:13593:14575/1
234	A00709:261:HT7NNDSX2:3:1607:19280:14309/1
235	A00709:261:HT7NNDSX2:3:1607:15763:13260/1
236	A00709:261:HT7NNDSX2:3:1607:30490:13557/1
237	A00709:261:HT7NNDSX2:3:1607:21314:12195/1
238	A00709:261:HT7NNDSX2:3:1607:29496:11835/1
239	A00709:261:HT7NNDSX2:3:1607:25554:27492/1
240	A00709:261:HT7NNDSX2:3:1607:2419:30953/1
241	A00709:261:HT7NNDSX2:3:1607:5132:32612/1
242	A00709:261:HT7NNDSX2:3:1607:27398:32095/1
243	A00709:261:HT7NNDSX2:3:1607:26856:31000/1
244	A00709:261:HT7NNDSX2:3:1607:4472:30686/1
245	A00709:261:HT7NNDSX2:3:1607:3983:30874/1
246	A00709:261:HT7NNDSX2:3:1607:2736:30185/1
247	A00709:261:HT7NNDSX2:3:1607:23538:28823/1
248	A00709:261:HT7NNDSX2:3:1607:25518:27336/1
249	A00709:261:HT7NNDSX2:3:1607:3170:27899/1
250	A00709:261:HT7NNDSX2:3:1608:20980:18505/1
251	A00709:261:HT7NNDSX2:3:1607:11586:25629/1
252	A00709:261:HT7NNDSX2:3:1607:16758:24408/1
253	A00709:261:HT7NNDSX2:3:1607:11641:23375/1
254	A00709:261:HT7NNDSX2:3:1607:26124:23876/1
255	A00709:261:HT7NNDSX2:3:1607:31521:23578/1
256	A00709:261:HT7NNDSX2:3:1607:30020:22827/1
257	A00709:261:HT7NNDSX2:3:1607:1705:21104/1
258	A00709:261:HT7NNDSX2:3:1607:11749:21089/1
259	A00709:261:HT7NNDSX2:3:1607:14154:20838/1
260	A00709:261:HT7NNDSX2:3:1609:27398:7044/1
261	A00709:261:HT7NNDSX2:3:1609:5665:11647/1
262	A00709:261:HT7NNDSX2:3:1609:24813:10457/1
263	A00709:261:HT7NNDSX2:3:1609:3730:9831/1
264	A00709:261:HT7NNDSX2:3:1609:29469:8782/1
265	A00709:261:HT7NNDSX2:3:1609:15465:8578/1
266	A00709:261:HT7NNDSX2:3:1609:24912:8343/1
267	A00709:261:HT7NNDSX2:3:1609:30716:8625/1
268	A00709:261:HT7NNDSX2:3:1609:15637:7968/1
269	A00709:261:HT7NNDSX2:3:1609:9733:7858/1
270	A00709:261:HT7NNDSX2:3:1609:25057:7059/1
271	A00709:261:HT7NNDSX2:3:1609:15935:11804/1
272	A00709:261:HT7NNDSX2:3:1609:3305:6715/1
273	A00709:261:HT7NNDSX2:3:1609:17806:6903/1
274	A00709:261:HT7NNDSX2:3:1609:2049:6543/1
275	A00709:261:HT7NNDSX2:3:1609:15266:5635/1
276	A00709:261:HT7NNDSX2:3:1609:21151:6464/1
277	A00709:261:HT7NNDSX2:3:1609:16649:5963/1
278	A00709:261:HT7NNDSX2:3:1609:21938:5228/1
279	A00709:261:HT7NNDSX2:3:1609:15275:5087/1
280	A00709:261:HT7NNDSX2:3:1609:6488:3740/1
281	A00709:261:HT7NNDSX2:3:1609:25644:5008/1
282	A00709:261:HT7NNDSX2:3:1609:2275:17206/1
283	A00709:261:HT7NNDSX2:3:1609:24270:19789/1
284	A00709:261:HT7NNDSX2:3:1609:12201:19366/1
285	A00709:261:HT7NNDSX2:3:1609:9399:20087/1
286	A00709:261:HT7NNDSX2:3:1609:22200:18865/1
287	A00709:261:HT7NNDSX2:3:1609:22028:18850/1
288	A00709:261:HT7NNDSX2:3:1609:11360:18599/1
289	A00709:261:HT7NNDSX2:3:1609:30761:19100/1
290	A00709:261:HT7NNDSX2:3:1609:5972:17691/1
291	A00709:261:HT7NNDSX2:3:1609:1506:17378/1
292	A00709:261:HT7NNDSX2:3:1609:28655:17362/1
293	A00709:261:HT7NNDSX2:3:1609:11966:4805/1
294	A00709:261:HT7NNDSX2:3:1609:1796:17127/1
295	A00709:261:HT7NNDSX2:3:1609:6994:17487/1
296	A00709:261:HT7NNDSX2:3:1609:6723:16517/1
297	A00709:261:HT7NNDSX2:3:1609:20392:15984/1
298	A00709:261:HT7NNDSX2:3:1609:13376:15859/1
299	A00709:261:HT7NNDSX2:3:1609:13105:15984/1
300	A00709:261:HT7NNDSX2:3:1609:16297:13526/1
301	A00709:261:HT7NNDSX2:3:1609:18484:13495/1
302	A00709:261:HT7NNDSX2:3:1609:29785:12931/1
303	A00709:261:HT7NNDSX2:3:1608:21025:25629/1
304	A00709:261:HT7NNDSX2:3:1608:15745:31172/1
305	A00709:261:HT7NNDSX2:3:1608:19443:31093/1
306	A00709:261:HT7NNDSX2:3:1608:19425:31062/1
307	A00709:261:HT7NNDSX2:3:1608:21432:31594/1
308	A00709:261:HT7NNDSX2:3:1608:32488:30514/1
309	A00709:261:HT7NNDSX2:3:1608:10068:30733/1
310	A00709:261:HT7NNDSX2:3:1608:2510:27195/1
311	A00709:261:HT7NNDSX2:3:1608:2058:28166/1
312	A00709:261:HT7NNDSX2:3:1608:17020:27273/1
313	A00709:261:HT7NNDSX2:3:1608:8241:27477/1
314	A00709:261:HT7NNDSX2:3:1608:20247:32612/1
315	A00709:261:HT7NNDSX2:3:1608:18882:26115/1
316	A00709:261:HT7NNDSX2:3:1608:28845:25238/1
317	A00709:261:HT7NNDSX2:3:1608:20989:25504/1
318	A00709:261:HT7NNDSX2:3:1608:22661:23359/1
319	A00709:261:HT7NNDSX2:3:1608:7826:21840/1
320	A00709:261:HT7NNDSX2:3:1608:20021:21793/1
321	A00709:261:HT7NNDSX2:3:1608:31087:21762/1
322	A00709:261:HT7NNDSX2:3:1608:32262:21668/1
323	A00709:261:HT7NNDSX2:3:1608:19705:19836/1
324	A00709:261:HT7NNDSX2:3:1608:31602:18771/1
325	A00709:261:HT7NNDSX2:3:1608:3061:35383/1
326	A00709:261:HT7NNDSX2:3:1609:14787:4492/1
327	A00709:261:HT7NNDSX2:3:1609:14416:3474/1
328	A00709:261:HT7NNDSX2:3:1609:2338:2879/1
329	A00709:261:HT7NNDSX2:3:1609:8305:2503/1
330	A00709:261:HT7NNDSX2:3:1608:27362:36636/1
331	A00709:261:HT7NNDSX2:3:1608:13856:36636/1
332	A00709:261:HT7NNDSX2:3:1608:26820:36573/1
333	A00709:261:HT7NNDSX2:3:1608:20446:35900/1
334	A00709:261:HT7NNDSX2:3:1608:10673:35102/1
335	A00709:261:HT7NNDSX2:3:1608:16884:36276/1
336	NC_041068.1_bb_bb_bb_bb_bb_bb_bb_bb_bb_bb_bb_bb_bb_bb_bb_bb_bb
337	A00709:261:HT7NNDSX2:3:1608:29559:35806/1
338	A00709:261:HT7NNDSX2:3:1608:10420:33630/1
339	A00709:261:HT7NNDSX2:3:1608:10556:34898/1
340	A00709:261:HT7NNDSX2:3:1608:16532:33379/1
341	A00709:261:HT7NNDSX2:3:1608:11550:33207/1
342	A00709:261:HT7NNDSX2:3:1608:30300:32894/1
343	A00709:261:HT7NNDSX2:3:1608:16622:33348/1
344	A00709:261:HT7NNDSX2:3:1608:15935:33348/1
345	A00709:261:HT7NNDSX2:3:1608:12328:32831/1
